

-------- Grammar --------

rule 1 xtc: __initial_comment __top_level
rule 2 __initial_comment: INITIAL_COMMENT
rule 3 __initial_comment: 
rule 4 __top_level: include __top_level
rule 5 __top_level: option
rule 6 __top_level: agents
rule 7 __top_level: namespace
rule 8 __top_level: 
rule 9 agents: agent agents
rule 10 agents: agent
rule 11 include: INCLUDE STRING ";"
rule 12 @1: 
rule 13 namespace: __doc_comment NAMESPACE IDENTIFIER "(" STRING ")" "{" @1 __inner_namespace "}"
rule 14 __inner_namespace: __inner_namespace const
rule 15 __inner_namespace: __inner_namespace symbol_declaration
rule 16 __inner_namespace: __inner_namespace enum_symbol_declaration
rule 17 __inner_namespace: __inner_namespace behavior_declaration
rule 18 __inner_namespace: 
rule 19 @2: 
rule 20 behavior_declaration: __doc_comment BEHAVIOR IDENTIFIER "{" @2 __parameter_declarations "}"
rule 21 @3: 
rule 22 symbol_declaration: __doc_comment bool_or_float_or_enum __input_output_internal IDENTIFIER __range __measure @3 symbol_parameter_declarations ";"
rule 23 __input_output_internal: INPUT
rule 24 __input_output_internal: OUTPUT
rule 25 __input_output_internal: INTERNAL
rule 26 __input_output_internal: 
rule 27 enum_symbol_declaration: __doc_comment bool_or_float_or_enum __input_output_internal "{" enum_elements "}" ";"
rule 28 enum_elements: IDENTIFIER __enum_elements
rule 29 __enum_elements: __enum_elements "," IDENTIFIER
rule 30 __enum_elements: 
rule 31 __minus: "-"
rule 32 __minus: 
rule 33 bool_or_float_or_enum: BOOL
rule 34 bool_or_float_or_enum: FLOAT
rule 35 bool_or_float_or_enum: ENUM IDENTIFIER
rule 36 bool_or_float_or_enum: 
rule 37 const: __doc_comment __float CONST IDENTIFIER "=" __minus NUMBER __measure ";"
rule 38 __float: FLOAT
rule 39 __float: 
rule 40 agent: __doc_comment AGENT IDENTIFIER "(" STRING "," IDENTIFIER ")" ";"
rule 41 @4: 
rule 42 option: __doc_comment OPTION IDENTIFIER "{" @4 __parameter_declarations __common_declarations state_declarations "}"
rule 43 symbol_parameter_declarations: "(" __parameter_declarations ")"
rule 44 symbol_parameter_declarations: 
rule 45 __parameter_declarations: __parameter_declarations parameter_declaration
rule 46 __parameter_declarations: 
rule 47 parameter_declaration: __doc_comment bool_or_float_or_enum IDENTIFIER __range __measure ";"
rule 48 __range: RANGE
rule 49 __range: 
rule 50 __measure: STRING
rule 51 __measure: 
rule 52 state_declarations: state_declaration __state_declarations
rule 53 __state_declarations: __state_declarations state_declaration
rule 54 __state_declarations: 
rule 55 @5: 
rule 56 state_declaration: __initial __target STATE IDENTIFIER "{" @5 decision_tree ACTION "{" __output_symbol_assignments_or_subsequent_declarations "}" "}"
rule 57 __output_symbol_assignments_or_subsequent_declarations: __output_symbol_assignments_or_subsequent_declarations output_symbol_assignment
rule 58 __output_symbol_assignments_or_subsequent_declarations: __output_symbol_assignments_or_subsequent_declarations subsequent_declaration
rule 59 __output_symbol_assignments_or_subsequent_declarations: 
rule 60 @6: 
rule 61 output_symbol_assignment: IDENTIFIER @6 "=" exp ";"
rule 62 __doc_comment: DOC_COMMENT
rule 63 __doc_comment: 
rule 64 __initial: INITIAL
rule 65 __initial: 
rule 66 __target: TARGET
rule 67 __target: 
rule 68 @7: 
rule 69 subsequent_declaration: IDENTIFIER __option_or_behavior "(" @7 __set_parameter_list ")" ";"
rule 70 __option_or_behavior: OPTION
rule 71 __option_or_behavior: BEHAVIOR
rule 72 __option_or_behavior: 
rule 73 __set_parameter_list: set_parameter __set_parameter_list_end
rule 74 __set_parameter_list: 
rule 75 __set_parameter_list_end: "," __set_parameter_list
rule 76 __set_parameter_list_end: 
rule 77 @8: 
rule 78 set_parameter: IDENTIFIER @8 "=" exp
rule 79 __with_parameter_list: with_parameter __with_parameter_list_end
rule 80 __with_parameter_list: 
rule 81 __with_parameter_list_end: "," __with_parameter_list
rule 82 __with_parameter_list_end: 
rule 83 @9: 
rule 84 with_parameter: IDENTIFIER @9 "=" exp
rule 85 exp: "!" exp
rule 86 @10: 
rule 87 exp: exp "+" @10 exp
rule 88 @11: 
rule 89 exp: exp "-" @11 exp
rule 90 @12: 
rule 91 exp: exp "*" @12 exp
rule 92 @13: 
rule 93 exp: exp "/" @13 exp
rule 94 @14: 
rule 95 exp: exp "%" @14 exp
rule 96 @15: 
rule 97 exp: exp NEQ @15 exp
rule 98 @16: 
rule 99 exp: exp EQ @16 exp
rule 100 @17: 
rule 101 exp: exp "<" @17 exp
rule 102 @18: 
rule 103 exp: exp LE @18 exp
rule 104 @19: 
rule 105 exp: exp ">" @19 exp
rule 106 @20: 
rule 107 exp: exp GE @20 exp
rule 108 @21: 
rule 109 exp: exp AND @21 exp
rule 110 @22: 
rule 111 exp: exp OR @22 exp
rule 112 exp: exp "?" exp ":" exp
rule 113 exp: "(" exp ")"
rule 114 exp: "-" exp
rule 115 exp: NUMBER
rule 116 exp: TRUE
rule 117 exp: FALSE
rule 118 exp: function
rule 119 exp: IDENTIFIER
rule 120 exp: TOSX
rule 121 exp: TOOX
rule 122 exp: SORTS
rule 123 @23: 
rule 124 function: IDENTIFIER @23 "(" __with_parameter_list ")"
rule 125 __common_declarations: COMMON DECISION __common_decision_tree COMMON ACTION __common_action
rule 126 __common_declarations: COMMON DECISION __common_decision_tree
rule 127 __common_declarations: COMMON ACTION __common_action
rule 128 __common_declarations: 
rule 129 __common_action: "{" __output_symbol_assignments_or_subsequent_declarations "}"
rule 130 __common_action: 
rule 131 __common_decision_tree: "{" cdtree "}"
rule 132 __common_decision_tree: 
rule 133 cdtree: "{" cdtree "}"
rule 134 cdtree: __doc_comment IF "(" exp ")" dtree __cdtree_elseif_decisions
rule 135 __cdtree_elseif_decisions: __doc_comment ELSE cdtree
rule 136 __cdtree_elseif_decisions: 
rule 137 decision_tree: DECISION "{" dtree "}"
rule 138 decision_tree: DECISION "{" __doc_comment ELSE dtree "}"
rule 139 decision_tree: 
rule 140 dtree: "{" dtree "}"
rule 141 dtree: transition
rule 142 dtree: __doc_comment IF "(" exp ")" dtree __doc_comment ELSE dtree
rule 143 transition: TTS IDENTIFIER ";"
rule 144 transition: STAY ";"

------- Symbols -------

**Nonterminals, with rules where they appear

  $start (66)
    on right: 
    on left : 
  xtc (67)
    on right: 
    on left : 1
  __initial_comment (68)
    on right: 1
    on left : 2 3
  __top_level (69)
    on right: 1 4
    on left : 4 5 6 7 8
  include (70)
    on right: 4
    on left : 11
  option (71)
    on right: 5
    on left : 42
  agents (72)
    on right: 6 9
    on left : 9 10
  namespace (73)
    on right: 7
    on left : 13
  agent (74)
    on right: 9 10
    on left : 40
  __doc_comment (75)
    on right: 13 20 22 27 37 40 42 47 134 135 138 142
    on left : 62 63
  __inner_namespace (76)
    on right: 13 14 15 16 17
    on left : 14 15 16 17 18
  @1 (77)
    on right: 13
    on left : 12
  const (78)
    on right: 14
    on left : 37
  symbol_declaration (79)
    on right: 15
    on left : 22
  enum_symbol_declaration (80)
    on right: 16
    on left : 27
  behavior_declaration (81)
    on right: 17
    on left : 20
  __parameter_declarations (82)
    on right: 20 42 43 45
    on left : 45 46
  @2 (83)
    on right: 20
    on left : 19
  bool_or_float_or_enum (84)
    on right: 22 27 47
    on left : 33 34 35 36
  __input_output_internal (85)
    on right: 22 27
    on left : 23 24 25 26
  __range (86)
    on right: 22 47
    on left : 48 49
  __measure (87)
    on right: 22 37 47
    on left : 50 51
  symbol_parameter_declarations (88)
    on right: 22
    on left : 43 44
  @3 (89)
    on right: 22
    on left : 21
  enum_elements (90)
    on right: 27
    on left : 28
  __enum_elements (91)
    on right: 28 29
    on left : 29 30
  __minus (92)
    on right: 37
    on left : 31 32
  __float (93)
    on right: 37
    on left : 38 39
  __common_declarations (94)
    on right: 42
    on left : 125 126 127 128
  state_declarations (95)
    on right: 42
    on left : 52
  @4 (96)
    on right: 42
    on left : 41
  parameter_declaration (97)
    on right: 45
    on left : 47
  state_declaration (98)
    on right: 52 53
    on left : 56
  __state_declarations (99)
    on right: 52 53
    on left : 53 54
  __initial (100)
    on right: 56
    on left : 64 65
  __target (101)
    on right: 56
    on left : 66 67
  decision_tree (102)
    on right: 56
    on left : 137 138 139
  __output_symbol_assignments_or_subsequent_declarations (103)
    on right: 56 57 58 129
    on left : 57 58 59
  @5 (104)
    on right: 56
    on left : 55
  output_symbol_assignment (105)
    on right: 57
    on left : 61
  subsequent_declaration (106)
    on right: 58
    on left : 69
  exp (107)
    on right: 61 78 84 85 87 89 91 93 95 97 99 101 103 105 107 109 111 112 113 114 134 142
    on left : 85 87 89 91 93 95 97 99 101 103 105 107 109 111 112 113 114 115 116 117 118 119 120 121 122
  @6 (108)
    on right: 61
    on left : 60
  __option_or_behavior (109)
    on right: 69
    on left : 70 71 72
  __set_parameter_list (110)
    on right: 69 75
    on left : 73 74
  @7 (111)
    on right: 69
    on left : 68
  set_parameter (112)
    on right: 73
    on left : 78
  __set_parameter_list_end (113)
    on right: 73
    on left : 75 76
  @8 (114)
    on right: 78
    on left : 77
  __with_parameter_list (115)
    on right: 81 124
    on left : 79 80
  with_parameter (116)
    on right: 79
    on left : 84
  __with_parameter_list_end (117)
    on right: 79
    on left : 81 82
  @9 (118)
    on right: 84
    on left : 83
  function (119)
    on right: 118
    on left : 124
  @10 (120)
    on right: 87
    on left : 86
  @11 (121)
    on right: 89
    on left : 88
  @12 (122)
    on right: 91
    on left : 90
  @13 (123)
    on right: 93
    on left : 92
  @14 (124)
    on right: 95
    on left : 94
  @15 (125)
    on right: 97
    on left : 96
  @16 (126)
    on right: 99
    on left : 98
  @17 (127)
    on right: 101
    on left : 100
  @18 (128)
    on right: 103
    on left : 102
  @19 (129)
    on right: 105
    on left : 104
  @20 (130)
    on right: 107
    on left : 106
  @21 (131)
    on right: 109
    on left : 108
  @22 (132)
    on right: 111
    on left : 110
  @23 (133)
    on right: 124
    on left : 123
  __common_decision_tree (134)
    on right: 125 126
    on left : 131 132
  __common_action (135)
    on right: 125 127
    on left : 129 130
  cdtree (136)
    on right: 131 133 135
    on left : 133 134
  dtree (137)
    on right: 134 137 138 140 142
    on left : 140 141 142
  __cdtree_elseif_decisions (138)
    on right: 134
    on left : 135 136
  transition (139)
    on right: 141
    on left : 143 144

**Terminals, with rules where they appear

  $end (0) 
  error (1) 
  UMINUS (2) 
  "!" (3) 85
  "*" (4) 91
  "/" (5) 93
  "%" (6) 95
  "+" (7) 87
  "-" (8) 31 89 114
  "<" (9) 101
  ">" (10) 105
  LE (11) 103
  GE (12) 107
  EQ (13) 99
  NEQ (14) 97
  AND (15) 109
  OR (16) 111
  "?" (17) 112
  ":" (18) 112
  ACTION (19) 56 125 127
  NUMBER (20) 37 115
  TRUE (21) 116
  FALSE (22) 117
  STRING (23) 11 13 40 50
  RANGE (24) 48
  INTERNAL (25) 25
  IDENTIFIER (26) 13 20 22 28 29 35 37 40 42 47 56 61 69 78 84 119 124 143
  DOC_COMMENT (27) 62
  INITIAL_COMMENT (28) 2
  OPTION (29) 42 70
  STATE (30) 56
  COMMON (31) 125 126 127
  DECISION (32) 125 126 137 138
  TTS (33) 143
  STAY (34) 144
  DT (35) 
  CDT (36) 
  IF (37) 134 142
  ELSE (38) 135 138 142
  TOOX (39) 121
  TOSX (40) 120
  SORTS (41) 122
  INITIAL (42) 64
  TARGET (43) 66
  AGENT (44) 40
  FUNCTION (45) 
  ENUM (46) 35
  INPUT (47) 23
  OUTPUT (48) 24
  BOOL (49) 33
  FLOAT (50) 34 38
  CONST (51) 37
  NAMESPACE (52) 13
  BEHAVIOR (53) 20 71
  INCLUDE (54) 11
  "{" (55) 13 20 27 42 56 129 131 133 137 138 140
  "}" (56) 13 20 27 42 56 129 131 133 137 138 140
  "(" (57) 13 40 43 69 113 124 134 142
  ")" (58) 13 40 43 69 113 124 134 142
  "|" (59) 
  "," (60) 29 40 75 81
  ";" (61) 11 22 27 37 40 47 61 69 143 144
  "<=" (62) 
  ">=" (63) 
  "==" (64) 
  "=" (65) 37 61 78 84

--------- State ---------

state 0


  INITIAL_COMMENT  shift, and go to state 3
  $default      reduce using rule 3 (__initial_comment)

  xtc           go to state 1
  __initial_comment  go to state 2

state 1


  $end          shift, and go to state 4


state 2

   1) xtc : __initial_comment _ __top_level

  DOC_COMMENT   shift, and go to state 7
  INCLUDE       shift, and go to state 13
  $end          reduce using rule 8 (__top_level)
  $default      reduce using rule 63 (__doc_comment)

  __top_level   go to state 5
  include       go to state 6
  option        go to state 8
  agents        go to state 9
  namespace     go to state 10
  agent         go to state 11
  __doc_comment  go to state 12

state 3

   2) __initial_comment : INITIAL_COMMENT _

  $default      reduce using rule 2 (__initial_comment)


state 4


  $end          shift, and go to state 14


state 5

   1) xtc : __initial_comment __top_level _

  $default      reduce using rule 1 (xtc)


state 6

   4) __top_level : include _ __top_level

  DOC_COMMENT   shift, and go to state 7
  INCLUDE       shift, and go to state 13
  $end          reduce using rule 8 (__top_level)
  $default      reduce using rule 63 (__doc_comment)

  __top_level   go to state 15
  include       go to state 6
  option        go to state 8
  agents        go to state 9
  namespace     go to state 10
  agent         go to state 11
  __doc_comment  go to state 12

state 7

  62) __doc_comment : DOC_COMMENT _

  $default      reduce using rule 62 (__doc_comment)


state 8

   5) __top_level : option _

  $default      reduce using rule 5 (__top_level)


state 9

   6) __top_level : agents _

  $default      reduce using rule 6 (__top_level)


state 10

   7) __top_level : namespace _

  $default      reduce using rule 7 (__top_level)


state 11

   9) agents : agent _ agents
  10) agents : agent _

  DOC_COMMENT   shift, and go to state 7
  AGENT         reduce using rule 63 (__doc_comment)
  $default      reduce using rule 10 (agents)

  agents        go to state 16
  agent         go to state 11
  __doc_comment  go to state 17

state 12

  13) namespace : __doc_comment _ NAMESPACE IDENTIFIER "(" STRING ")" "{" @1 __inner_namespace "}"
  40) agent : __doc_comment _ AGENT IDENTIFIER "(" STRING "," IDENTIFIER ")" ";"
  42) option : __doc_comment _ OPTION IDENTIFIER "{" @4 __parameter_declarations __common_declarations state_declarations "}"

  OPTION        shift, and go to state 19
  AGENT         shift, and go to state 18
  NAMESPACE     shift, and go to state 20


state 13

  11) include : INCLUDE _ STRING ";"

  STRING        shift, and go to state 21


state 14


  $default      accept


state 15

   4) __top_level : include __top_level _

  $default      reduce using rule 4 (__top_level)


state 16

   9) agents : agent agents _

  $default      reduce using rule 9 (agents)


state 17

  40) agent : __doc_comment _ AGENT IDENTIFIER "(" STRING "," IDENTIFIER ")" ";"

  AGENT         shift, and go to state 18


state 18

  40) agent : __doc_comment AGENT _ IDENTIFIER "(" STRING "," IDENTIFIER ")" ";"

  IDENTIFIER    shift, and go to state 22


state 19

  42) option : __doc_comment OPTION _ IDENTIFIER "{" @4 __parameter_declarations __common_declarations state_declarations "}"

  IDENTIFIER    shift, and go to state 23


state 20

  13) namespace : __doc_comment NAMESPACE _ IDENTIFIER "(" STRING ")" "{" @1 __inner_namespace "}"

  IDENTIFIER    shift, and go to state 24


state 21

  11) include : INCLUDE STRING _ ";"

  ";"           shift, and go to state 25


state 22

  40) agent : __doc_comment AGENT IDENTIFIER _ "(" STRING "," IDENTIFIER ")" ";"

  "("           shift, and go to state 26


state 23

  42) option : __doc_comment OPTION IDENTIFIER _ "{" @4 __parameter_declarations __common_declarations state_declarations "}"

  "{"           shift, and go to state 27


state 24

  13) namespace : __doc_comment NAMESPACE IDENTIFIER _ "(" STRING ")" "{" @1 __inner_namespace "}"

  "("           shift, and go to state 28


state 25

  11) include : INCLUDE STRING ";" _

  $default      reduce using rule 11 (include)


state 26

  40) agent : __doc_comment AGENT IDENTIFIER "(" _ STRING "," IDENTIFIER ")" ";"

  STRING        shift, and go to state 29


state 27

  42) option : __doc_comment OPTION IDENTIFIER "{" _ @4 __parameter_declarations __common_declarations state_declarations "}"

  $default      reduce using rule 41 (@4)

  @4            go to state 30

state 28

  13) namespace : __doc_comment NAMESPACE IDENTIFIER "(" _ STRING ")" "{" @1 __inner_namespace "}"

  STRING        shift, and go to state 31


state 29

  40) agent : __doc_comment AGENT IDENTIFIER "(" STRING _ "," IDENTIFIER ")" ";"

  ","           shift, and go to state 32


state 30

  42) option : __doc_comment OPTION IDENTIFIER "{" @4 _ __parameter_declarations __common_declarations state_declarations "}"

  $default      reduce using rule 46 (__parameter_declarations)

  __parameter_declarations  go to state 33

state 31

  13) namespace : __doc_comment NAMESPACE IDENTIFIER "(" STRING _ ")" "{" @1 __inner_namespace "}"

  ")"           shift, and go to state 34


state 32

  40) agent : __doc_comment AGENT IDENTIFIER "(" STRING "," _ IDENTIFIER ")" ";"

  IDENTIFIER    shift, and go to state 35


state 33

  42) option : __doc_comment OPTION IDENTIFIER "{" @4 __parameter_declarations _ __common_declarations state_declarations "}"
  45) __parameter_declarations : __parameter_declarations _ parameter_declaration

  DOC_COMMENT   shift, and go to state 7
  COMMON        shift, and go to state 37
  STATE         reduce using rule 128 (__common_declarations)
  INITIAL       reduce using rule 128 (__common_declarations)
  TARGET        reduce using rule 128 (__common_declarations)
  $default      reduce using rule 63 (__doc_comment)

  __common_declarations  go to state 36
  parameter_declaration  go to state 39
  __doc_comment  go to state 38

state 34

  13) namespace : __doc_comment NAMESPACE IDENTIFIER "(" STRING ")" _ "{" @1 __inner_namespace "}"

  "{"           shift, and go to state 40


state 35

  40) agent : __doc_comment AGENT IDENTIFIER "(" STRING "," IDENTIFIER _ ")" ";"

  ")"           shift, and go to state 41


state 36

  42) option : __doc_comment OPTION IDENTIFIER "{" @4 __parameter_declarations __common_declarations _ state_declarations "}"

  INITIAL       shift, and go to state 44
  $default      reduce using rule 65 (__initial)

  __initial     go to state 42
  state_declarations  go to state 43
  state_declaration  go to state 45

state 37

 125) __common_declarations : COMMON _ DECISION __common_decision_tree COMMON ACTION __common_action
 126) __common_declarations : COMMON _ DECISION __common_decision_tree
 127) __common_declarations : COMMON _ ACTION __common_action

  ACTION        shift, and go to state 46
  DECISION      shift, and go to state 47


state 38

  47) parameter_declaration : __doc_comment _ bool_or_float_or_enum IDENTIFIER __range __measure ";"

  ENUM          shift, and go to state 48
  BOOL          shift, and go to state 49
  FLOAT         shift, and go to state 50
  $default      reduce using rule 36 (bool_or_float_or_enum)

  bool_or_float_or_enum  go to state 51

state 39

  45) __parameter_declarations : __parameter_declarations parameter_declaration _

  $default      reduce using rule 45 (__parameter_declarations)


state 40

  13) namespace : __doc_comment NAMESPACE IDENTIFIER "(" STRING ")" "{" _ @1 __inner_namespace "}"

  $default      reduce using rule 12 (@1)

  @1            go to state 52

state 41

  40) agent : __doc_comment AGENT IDENTIFIER "(" STRING "," IDENTIFIER ")" _ ";"

  ";"           shift, and go to state 53


state 42

  56) state_declaration : __initial _ __target STATE IDENTIFIER "{" @5 decision_tree ACTION "{" __output_symbol_assignments_or_subsequent_declarations "}" "}"

  TARGET        shift, and go to state 55
  $default      reduce using rule 67 (__target)

  __target      go to state 54

state 43

  42) option : __doc_comment OPTION IDENTIFIER "{" @4 __parameter_declarations __common_declarations state_declarations _ "}"

  "}"           shift, and go to state 56


state 44

  64) __initial : INITIAL _

  $default      reduce using rule 64 (__initial)


state 45

  52) state_declarations : state_declaration _ __state_declarations

  $default      reduce using rule 54 (__state_declarations)

  __state_declarations  go to state 57

state 46

 127) __common_declarations : COMMON ACTION _ __common_action

  "{"           shift, and go to state 58
  $default      reduce using rule 130 (__common_action)

  __common_action  go to state 59

state 47

 125) __common_declarations : COMMON DECISION _ __common_decision_tree COMMON ACTION __common_action
 126) __common_declarations : COMMON DECISION _ __common_decision_tree

  "{"           shift, and go to state 60
  $default      reduce using rule 132 (__common_decision_tree)

  __common_decision_tree  go to state 61

state 48

  35) bool_or_float_or_enum : ENUM _ IDENTIFIER

  IDENTIFIER    shift, and go to state 62


state 49

  33) bool_or_float_or_enum : BOOL _

  $default      reduce using rule 33 (bool_or_float_or_enum)


state 50

  34) bool_or_float_or_enum : FLOAT _

  $default      reduce using rule 34 (bool_or_float_or_enum)


state 51

  47) parameter_declaration : __doc_comment bool_or_float_or_enum _ IDENTIFIER __range __measure ";"

  IDENTIFIER    shift, and go to state 63


state 52

  13) namespace : __doc_comment NAMESPACE IDENTIFIER "(" STRING ")" "{" @1 _ __inner_namespace "}"

  $default      reduce using rule 18 (__inner_namespace)

  __inner_namespace  go to state 64

state 53

  40) agent : __doc_comment AGENT IDENTIFIER "(" STRING "," IDENTIFIER ")" ";" _

  $default      reduce using rule 40 (agent)


state 54

  56) state_declaration : __initial __target _ STATE IDENTIFIER "{" @5 decision_tree ACTION "{" __output_symbol_assignments_or_subsequent_declarations "}" "}"

  STATE         shift, and go to state 65


state 55

  66) __target : TARGET _

  $default      reduce using rule 66 (__target)


state 56

  42) option : __doc_comment OPTION IDENTIFIER "{" @4 __parameter_declarations __common_declarations state_declarations "}" _

  $default      reduce using rule 42 (option)


state 57

  52) state_declarations : state_declaration __state_declarations _
  53) __state_declarations : __state_declarations _ state_declaration

  INITIAL       shift, and go to state 44
  "}"           reduce using rule 52 (state_declarations)
  $default      reduce using rule 65 (__initial)

  __initial     go to state 42
  state_declaration  go to state 66

state 58

 129) __common_action : "{" _ __output_symbol_assignments_or_subsequent_declarations "}"

  $default      reduce using rule 59 (__output_symbol_assignments_or_subsequent_declarations)

  __output_symbol_assignments_or_subsequent_declarations  go to state 67

state 59

 127) __common_declarations : COMMON ACTION __common_action _

  $default      reduce using rule 127 (__common_declarations)


state 60

 131) __common_decision_tree : "{" _ cdtree "}"

  DOC_COMMENT   shift, and go to state 7
  "{"           shift, and go to state 68
  $default      reduce using rule 63 (__doc_comment)

  cdtree        go to state 69
  __doc_comment  go to state 70

state 61

 125) __common_declarations : COMMON DECISION __common_decision_tree _ COMMON ACTION __common_action
 126) __common_declarations : COMMON DECISION __common_decision_tree _

  COMMON        shift, and go to state 71
  $default      reduce using rule 126 (__common_declarations)


state 62

  35) bool_or_float_or_enum : ENUM IDENTIFIER _

  $default      reduce using rule 35 (bool_or_float_or_enum)


state 63

  47) parameter_declaration : __doc_comment bool_or_float_or_enum IDENTIFIER _ __range __measure ";"

  RANGE         shift, and go to state 72
  $default      reduce using rule 49 (__range)

  __range       go to state 73

state 64

  13) namespace : __doc_comment NAMESPACE IDENTIFIER "(" STRING ")" "{" @1 __inner_namespace _ "}"
  14) __inner_namespace : __inner_namespace _ const
  15) __inner_namespace : __inner_namespace _ symbol_declaration
  16) __inner_namespace : __inner_namespace _ enum_symbol_declaration
  17) __inner_namespace : __inner_namespace _ behavior_declaration

  DOC_COMMENT   shift, and go to state 7
  "}"           shift, and go to state 75
  $default      reduce using rule 63 (__doc_comment)

  const         go to state 74
  symbol_declaration  go to state 76
  enum_symbol_declaration  go to state 77
  behavior_declaration  go to state 78
  __doc_comment  go to state 79

state 65

  56) state_declaration : __initial __target STATE _ IDENTIFIER "{" @5 decision_tree ACTION "{" __output_symbol_assignments_or_subsequent_declarations "}" "}"

  IDENTIFIER    shift, and go to state 80


state 66

  53) __state_declarations : __state_declarations state_declaration _

  $default      reduce using rule 53 (__state_declarations)


state 67

  57) __output_symbol_assignments_or_subsequent_declarations : __output_symbol_assignments_or_subsequent_declarations _ output_symbol_assignment
  58) __output_symbol_assignments_or_subsequent_declarations : __output_symbol_assignments_or_subsequent_declarations _ subsequent_declaration
 129) __common_action : "{" __output_symbol_assignments_or_subsequent_declarations _ "}"

  IDENTIFIER    shift, and go to state 82
  "}"           shift, and go to state 81

  output_symbol_assignment  go to state 83
  subsequent_declaration  go to state 84

state 68

 133) cdtree : "{" _ cdtree "}"

  DOC_COMMENT   shift, and go to state 7
  "{"           shift, and go to state 68
  $default      reduce using rule 63 (__doc_comment)

  cdtree        go to state 85
  __doc_comment  go to state 70

state 69

 131) __common_decision_tree : "{" cdtree _ "}"

  "}"           shift, and go to state 86


state 70

 134) cdtree : __doc_comment _ IF "(" exp ")" dtree __cdtree_elseif_decisions

  IF            shift, and go to state 87


state 71

 125) __common_declarations : COMMON DECISION __common_decision_tree COMMON _ ACTION __common_action

  ACTION        shift, and go to state 88


state 72

  48) __range : RANGE _

  $default      reduce using rule 48 (__range)


state 73

  47) parameter_declaration : __doc_comment bool_or_float_or_enum IDENTIFIER __range _ __measure ";"

  STRING        shift, and go to state 89
  $default      reduce using rule 51 (__measure)

  __measure     go to state 90

state 74

  14) __inner_namespace : __inner_namespace const _

  $default      reduce using rule 14 (__inner_namespace)


state 75

  13) namespace : __doc_comment NAMESPACE IDENTIFIER "(" STRING ")" "{" @1 __inner_namespace "}" _

  $default      reduce using rule 13 (namespace)


state 76

  15) __inner_namespace : __inner_namespace symbol_declaration _

  $default      reduce using rule 15 (__inner_namespace)


state 77

  16) __inner_namespace : __inner_namespace enum_symbol_declaration _

  $default      reduce using rule 16 (__inner_namespace)


state 78

  17) __inner_namespace : __inner_namespace behavior_declaration _

  $default      reduce using rule 17 (__inner_namespace)


state 79

  20) behavior_declaration : __doc_comment _ BEHAVIOR IDENTIFIER "{" @2 __parameter_declarations "}"
  22) symbol_declaration : __doc_comment _ bool_or_float_or_enum __input_output_internal IDENTIFIER __range __measure @3 symbol_parameter_declarations ";"
  27) enum_symbol_declaration : __doc_comment _ bool_or_float_or_enum __input_output_internal "{" enum_elements "}" ";"
  37) const : __doc_comment _ __float CONST IDENTIFIER "=" __minus NUMBER __measure ";"

  ENUM          shift, and go to state 48
  BOOL          shift, and go to state 49
  FLOAT         shift, and go to state 92
  BEHAVIOR      shift, and go to state 94
  CONST         reduce using rule 39 (__float)
  $default      reduce using rule 36 (bool_or_float_or_enum)

  __float       go to state 91
  bool_or_float_or_enum  go to state 93

state 80

  56) state_declaration : __initial __target STATE IDENTIFIER _ "{" @5 decision_tree ACTION "{" __output_symbol_assignments_or_subsequent_declarations "}" "}"

  "{"           shift, and go to state 95


state 81

 129) __common_action : "{" __output_symbol_assignments_or_subsequent_declarations "}" _

  $default      reduce using rule 129 (__common_action)


state 82

  61) output_symbol_assignment : IDENTIFIER _ @6 "=" exp ";"
  69) subsequent_declaration : IDENTIFIER _ __option_or_behavior "(" @7 __set_parameter_list ")" ";"

  OPTION        shift, and go to state 96
  BEHAVIOR      shift, and go to state 97
  "("           reduce using rule 72 (__option_or_behavior)
  $default      reduce using rule 60 (@6)

  @6            go to state 98
  __option_or_behavior  go to state 99

state 83

  57) __output_symbol_assignments_or_subsequent_declarations : __output_symbol_assignments_or_subsequent_declarations output_symbol_assignment _

  $default      reduce using rule 57 (__output_symbol_assignments_or_subsequent_declarations)


state 84

  58) __output_symbol_assignments_or_subsequent_declarations : __output_symbol_assignments_or_subsequent_declarations subsequent_declaration _

  $default      reduce using rule 58 (__output_symbol_assignments_or_subsequent_declarations)


state 85

 133) cdtree : "{" cdtree _ "}"

  "}"           shift, and go to state 100


state 86

 131) __common_decision_tree : "{" cdtree "}" _

  $default      reduce using rule 131 (__common_decision_tree)


state 87

 134) cdtree : __doc_comment IF _ "(" exp ")" dtree __cdtree_elseif_decisions

  "("           shift, and go to state 101


state 88

 125) __common_declarations : COMMON DECISION __common_decision_tree COMMON ACTION _ __common_action

  "{"           shift, and go to state 58
  $default      reduce using rule 130 (__common_action)

  __common_action  go to state 102

state 89

  50) __measure : STRING _

  $default      reduce using rule 50 (__measure)


state 90

  47) parameter_declaration : __doc_comment bool_or_float_or_enum IDENTIFIER __range __measure _ ";"

  ";"           shift, and go to state 103


state 91

  37) const : __doc_comment __float _ CONST IDENTIFIER "=" __minus NUMBER __measure ";"

  CONST         shift, and go to state 104


state 92

  34) bool_or_float_or_enum : FLOAT _
  38) __float : FLOAT _

  CONST         reduce using rule 38 (__float)
  $default      reduce using rule 34 (bool_or_float_or_enum)


state 93

  22) symbol_declaration : __doc_comment bool_or_float_or_enum _ __input_output_internal IDENTIFIER __range __measure @3 symbol_parameter_declarations ";"
  27) enum_symbol_declaration : __doc_comment bool_or_float_or_enum _ __input_output_internal "{" enum_elements "}" ";"

  INTERNAL      shift, and go to state 105
  INPUT         shift, and go to state 106
  OUTPUT        shift, and go to state 107
  $default      reduce using rule 26 (__input_output_internal)

  __input_output_internal  go to state 108

state 94

  20) behavior_declaration : __doc_comment BEHAVIOR _ IDENTIFIER "{" @2 __parameter_declarations "}"

  IDENTIFIER    shift, and go to state 109


state 95

  56) state_declaration : __initial __target STATE IDENTIFIER "{" _ @5 decision_tree ACTION "{" __output_symbol_assignments_or_subsequent_declarations "}" "}"

  $default      reduce using rule 55 (@5)

  @5            go to state 110

state 96

  70) __option_or_behavior : OPTION _

  $default      reduce using rule 70 (__option_or_behavior)


state 97

  71) __option_or_behavior : BEHAVIOR _

  $default      reduce using rule 71 (__option_or_behavior)


state 98

  61) output_symbol_assignment : IDENTIFIER @6 _ "=" exp ";"

  "="           shift, and go to state 111


state 99

  69) subsequent_declaration : IDENTIFIER __option_or_behavior _ "(" @7 __set_parameter_list ")" ";"

  "("           shift, and go to state 112


state 100

 133) cdtree : "{" cdtree "}" _

  $default      reduce using rule 133 (cdtree)


state 101

 134) cdtree : __doc_comment IF "(" _ exp ")" dtree __cdtree_elseif_decisions

  "!"           shift, and go to state 115
  "-"           shift, and go to state 120
  NUMBER        shift, and go to state 123
  TRUE          shift, and go to state 124
  FALSE         shift, and go to state 113
  IDENTIFIER    shift, and go to state 116
  TOOX          shift, and go to state 117
  TOSX          shift, and go to state 118
  SORTS         shift, and go to state 119
  "("           shift, and go to state 114

  exp           go to state 121
  function      go to state 122

state 102

 125) __common_declarations : COMMON DECISION __common_decision_tree COMMON ACTION __common_action _

  $default      reduce using rule 125 (__common_declarations)


state 103

  47) parameter_declaration : __doc_comment bool_or_float_or_enum IDENTIFIER __range __measure ";" _

  $default      reduce using rule 47 (parameter_declaration)


state 104

  37) const : __doc_comment __float CONST _ IDENTIFIER "=" __minus NUMBER __measure ";"

  IDENTIFIER    shift, and go to state 125


state 105

  25) __input_output_internal : INTERNAL _

  $default      reduce using rule 25 (__input_output_internal)


state 106

  23) __input_output_internal : INPUT _

  $default      reduce using rule 23 (__input_output_internal)


state 107

  24) __input_output_internal : OUTPUT _

  $default      reduce using rule 24 (__input_output_internal)


state 108

  22) symbol_declaration : __doc_comment bool_or_float_or_enum __input_output_internal _ IDENTIFIER __range __measure @3 symbol_parameter_declarations ";"
  27) enum_symbol_declaration : __doc_comment bool_or_float_or_enum __input_output_internal _ "{" enum_elements "}" ";"

  IDENTIFIER    shift, and go to state 127
  "{"           shift, and go to state 126


state 109

  20) behavior_declaration : __doc_comment BEHAVIOR IDENTIFIER _ "{" @2 __parameter_declarations "}"

  "{"           shift, and go to state 128


state 110

  56) state_declaration : __initial __target STATE IDENTIFIER "{" @5 _ decision_tree ACTION "{" __output_symbol_assignments_or_subsequent_declarations "}" "}"

  DECISION      shift, and go to state 130
  $default      reduce using rule 139 (decision_tree)

  decision_tree  go to state 129

state 111

  61) output_symbol_assignment : IDENTIFIER @6 "=" _ exp ";"

  "!"           shift, and go to state 115
  "-"           shift, and go to state 120
  NUMBER        shift, and go to state 123
  TRUE          shift, and go to state 124
  FALSE         shift, and go to state 113
  IDENTIFIER    shift, and go to state 116
  TOOX          shift, and go to state 117
  TOSX          shift, and go to state 118
  SORTS         shift, and go to state 119
  "("           shift, and go to state 114

  exp           go to state 131
  function      go to state 122

state 112

  69) subsequent_declaration : IDENTIFIER __option_or_behavior "(" _ @7 __set_parameter_list ")" ";"

  $default      reduce using rule 68 (@7)

  @7            go to state 132

state 113

 117) exp : FALSE _

  $default      reduce using rule 117 (exp)


state 114

 113) exp : "(" _ exp ")"

  "!"           shift, and go to state 115
  "-"           shift, and go to state 120
  NUMBER        shift, and go to state 123
  TRUE          shift, and go to state 124
  FALSE         shift, and go to state 113
  IDENTIFIER    shift, and go to state 116
  TOOX          shift, and go to state 117
  TOSX          shift, and go to state 118
  SORTS         shift, and go to state 119
  "("           shift, and go to state 114

  exp           go to state 133
  function      go to state 122

state 115

  85) exp : "!" _ exp

  "!"           shift, and go to state 115
  "-"           shift, and go to state 120
  NUMBER        shift, and go to state 123
  TRUE          shift, and go to state 124
  FALSE         shift, and go to state 113
  IDENTIFIER    shift, and go to state 116
  TOOX          shift, and go to state 117
  TOSX          shift, and go to state 118
  SORTS         shift, and go to state 119
  "("           shift, and go to state 114

  exp           go to state 134
  function      go to state 122

state 116

 119) exp : IDENTIFIER _
 124) function : IDENTIFIER _ @23 "(" __with_parameter_list ")"

  "("           reduce using rule 123 (@23)
  $default      reduce using rule 119 (exp)

  @23           go to state 135

state 117

 121) exp : TOOX _

  $default      reduce using rule 121 (exp)


state 118

 120) exp : TOSX _

  $default      reduce using rule 120 (exp)


state 119

 122) exp : SORTS _

  $default      reduce using rule 122 (exp)


state 120

 114) exp : "-" _ exp

  "!"           shift, and go to state 115
  "-"           shift, and go to state 120
  NUMBER        shift, and go to state 123
  TRUE          shift, and go to state 124
  FALSE         shift, and go to state 113
  IDENTIFIER    shift, and go to state 116
  TOOX          shift, and go to state 117
  TOSX          shift, and go to state 118
  SORTS         shift, and go to state 119
  "("           shift, and go to state 114

  exp           go to state 136
  function      go to state 122

state 121

  87) exp : exp _ "+" @10 exp
  89) exp : exp _ "-" @11 exp
  91) exp : exp _ "*" @12 exp
  93) exp : exp _ "/" @13 exp
  95) exp : exp _ "%" @14 exp
  97) exp : exp _ NEQ @15 exp
  99) exp : exp _ EQ @16 exp
 101) exp : exp _ "<" @17 exp
 103) exp : exp _ LE @18 exp
 105) exp : exp _ ">" @19 exp
 107) exp : exp _ GE @20 exp
 109) exp : exp _ AND @21 exp
 111) exp : exp _ OR @22 exp
 112) exp : exp _ "?" exp ":" exp
 134) cdtree : __doc_comment IF "(" exp _ ")" dtree __cdtree_elseif_decisions

  "*"           shift, and go to state 143
  "/"           shift, and go to state 145
  "%"           shift, and go to state 147
  "+"           shift, and go to state 148
  "-"           shift, and go to state 149
  "<"           shift, and go to state 150
  ">"           shift, and go to state 151
  LE            shift, and go to state 137
  GE            shift, and go to state 138
  EQ            shift, and go to state 139
  NEQ           shift, and go to state 141
  AND           shift, and go to state 142
  OR            shift, and go to state 144
  "?"           shift, and go to state 146
  ")"           shift, and go to state 140


state 122

 118) exp : function _

  $default      reduce using rule 118 (exp)


state 123

 115) exp : NUMBER _

  $default      reduce using rule 115 (exp)


state 124

 116) exp : TRUE _

  $default      reduce using rule 116 (exp)


state 125

  37) const : __doc_comment __float CONST IDENTIFIER _ "=" __minus NUMBER __measure ";"

  "="           shift, and go to state 152


state 126

  27) enum_symbol_declaration : __doc_comment bool_or_float_or_enum __input_output_internal "{" _ enum_elements "}" ";"

  IDENTIFIER    shift, and go to state 154

  enum_elements  go to state 153

state 127

  22) symbol_declaration : __doc_comment bool_or_float_or_enum __input_output_internal IDENTIFIER _ __range __measure @3 symbol_parameter_declarations ";"

  RANGE         shift, and go to state 72
  $default      reduce using rule 49 (__range)

  __range       go to state 155

state 128

  20) behavior_declaration : __doc_comment BEHAVIOR IDENTIFIER "{" _ @2 __parameter_declarations "}"

  $default      reduce using rule 19 (@2)

  @2            go to state 156

state 129

  56) state_declaration : __initial __target STATE IDENTIFIER "{" @5 decision_tree _ ACTION "{" __output_symbol_assignments_or_subsequent_declarations "}" "}"

  ACTION        shift, and go to state 157


state 130

 137) decision_tree : DECISION _ "{" dtree "}"
 138) decision_tree : DECISION _ "{" __doc_comment ELSE dtree "}"

  "{"           shift, and go to state 158


state 131

  61) output_symbol_assignment : IDENTIFIER @6 "=" exp _ ";"
  87) exp : exp _ "+" @10 exp
  89) exp : exp _ "-" @11 exp
  91) exp : exp _ "*" @12 exp
  93) exp : exp _ "/" @13 exp
  95) exp : exp _ "%" @14 exp
  97) exp : exp _ NEQ @15 exp
  99) exp : exp _ EQ @16 exp
 101) exp : exp _ "<" @17 exp
 103) exp : exp _ LE @18 exp
 105) exp : exp _ ">" @19 exp
 107) exp : exp _ GE @20 exp
 109) exp : exp _ AND @21 exp
 111) exp : exp _ OR @22 exp
 112) exp : exp _ "?" exp ":" exp

  "*"           shift, and go to state 143
  "/"           shift, and go to state 145
  "%"           shift, and go to state 147
  "+"           shift, and go to state 148
  "-"           shift, and go to state 149
  "<"           shift, and go to state 150
  ">"           shift, and go to state 151
  LE            shift, and go to state 137
  GE            shift, and go to state 138
  EQ            shift, and go to state 139
  NEQ           shift, and go to state 141
  AND           shift, and go to state 142
  OR            shift, and go to state 144
  "?"           shift, and go to state 146
  ";"           shift, and go to state 159


state 132

  69) subsequent_declaration : IDENTIFIER __option_or_behavior "(" @7 _ __set_parameter_list ")" ";"

  IDENTIFIER    shift, and go to state 162
  $default      reduce using rule 74 (__set_parameter_list)

  __set_parameter_list  go to state 160
  set_parameter  go to state 161

state 133

  87) exp : exp _ "+" @10 exp
  89) exp : exp _ "-" @11 exp
  91) exp : exp _ "*" @12 exp
  93) exp : exp _ "/" @13 exp
  95) exp : exp _ "%" @14 exp
  97) exp : exp _ NEQ @15 exp
  99) exp : exp _ EQ @16 exp
 101) exp : exp _ "<" @17 exp
 103) exp : exp _ LE @18 exp
 105) exp : exp _ ">" @19 exp
 107) exp : exp _ GE @20 exp
 109) exp : exp _ AND @21 exp
 111) exp : exp _ OR @22 exp
 112) exp : exp _ "?" exp ":" exp
 113) exp : "(" exp _ ")"

  "*"           shift, and go to state 143
  "/"           shift, and go to state 145
  "%"           shift, and go to state 147
  "+"           shift, and go to state 148
  "-"           shift, and go to state 149
  "<"           shift, and go to state 150
  ">"           shift, and go to state 151
  LE            shift, and go to state 137
  GE            shift, and go to state 138
  EQ            shift, and go to state 139
  NEQ           shift, and go to state 141
  AND           shift, and go to state 142
  OR            shift, and go to state 144
  "?"           shift, and go to state 146
  ")"           shift, and go to state 163


state 134

  85) exp : "!" exp _
  87) exp : exp _ "+" @10 exp
  89) exp : exp _ "-" @11 exp
  91) exp : exp _ "*" @12 exp
  93) exp : exp _ "/" @13 exp
  95) exp : exp _ "%" @14 exp
  97) exp : exp _ NEQ @15 exp
  99) exp : exp _ EQ @16 exp
 101) exp : exp _ "<" @17 exp
 103) exp : exp _ LE @18 exp
 105) exp : exp _ ">" @19 exp
 107) exp : exp _ GE @20 exp
 109) exp : exp _ AND @21 exp
 111) exp : exp _ OR @22 exp
 112) exp : exp _ "?" exp ":" exp

  $default      reduce using rule 85 (exp)


state 135

 124) function : IDENTIFIER @23 _ "(" __with_parameter_list ")"

  "("           shift, and go to state 164


state 136

  87) exp : exp _ "+" @10 exp
  89) exp : exp _ "-" @11 exp
  91) exp : exp _ "*" @12 exp
  93) exp : exp _ "/" @13 exp
  95) exp : exp _ "%" @14 exp
  97) exp : exp _ NEQ @15 exp
  99) exp : exp _ EQ @16 exp
 101) exp : exp _ "<" @17 exp
 103) exp : exp _ LE @18 exp
 105) exp : exp _ ">" @19 exp
 107) exp : exp _ GE @20 exp
 109) exp : exp _ AND @21 exp
 111) exp : exp _ OR @22 exp
 112) exp : exp _ "?" exp ":" exp
 114) exp : "-" exp _

  $default      reduce using rule 114 (exp)


state 137

 103) exp : exp LE _ @18 exp

  $default      reduce using rule 102 (@18)

  @18           go to state 165

state 138

 107) exp : exp GE _ @20 exp

  $default      reduce using rule 106 (@20)

  @20           go to state 166

state 139

  99) exp : exp EQ _ @16 exp

  $default      reduce using rule 98 (@16)

  @16           go to state 167

state 140

 134) cdtree : __doc_comment IF "(" exp ")" _ dtree __cdtree_elseif_decisions

  DOC_COMMENT   shift, and go to state 7
  TTS           shift, and go to state 168
  STAY          shift, and go to state 170
  "{"           shift, and go to state 169
  $default      reduce using rule 63 (__doc_comment)

  dtree         go to state 171
  transition    go to state 172
  __doc_comment  go to state 173

state 141

  97) exp : exp NEQ _ @15 exp

  $default      reduce using rule 96 (@15)

  @15           go to state 174

state 142

 109) exp : exp AND _ @21 exp

  $default      reduce using rule 108 (@21)

  @21           go to state 175

state 143

  91) exp : exp "*" _ @12 exp

  $default      reduce using rule 90 (@12)

  @12           go to state 176

state 144

 111) exp : exp OR _ @22 exp

  $default      reduce using rule 110 (@22)

  @22           go to state 177

state 145

  93) exp : exp "/" _ @13 exp

  $default      reduce using rule 92 (@13)

  @13           go to state 178

state 146

 112) exp : exp "?" _ exp ":" exp

  "!"           shift, and go to state 115
  "-"           shift, and go to state 120
  NUMBER        shift, and go to state 123
  TRUE          shift, and go to state 124
  FALSE         shift, and go to state 113
  IDENTIFIER    shift, and go to state 116
  TOOX          shift, and go to state 117
  TOSX          shift, and go to state 118
  SORTS         shift, and go to state 119
  "("           shift, and go to state 114

  exp           go to state 179
  function      go to state 122

state 147

  95) exp : exp "%" _ @14 exp

  $default      reduce using rule 94 (@14)

  @14           go to state 180

state 148

  87) exp : exp "+" _ @10 exp

  $default      reduce using rule 86 (@10)

  @10           go to state 181

state 149

  89) exp : exp "-" _ @11 exp

  $default      reduce using rule 88 (@11)

  @11           go to state 182

state 150

 101) exp : exp "<" _ @17 exp

  $default      reduce using rule 100 (@17)

  @17           go to state 183

state 151

 105) exp : exp ">" _ @19 exp

  $default      reduce using rule 104 (@19)

  @19           go to state 184

state 152

  37) const : __doc_comment __float CONST IDENTIFIER "=" _ __minus NUMBER __measure ";"

  "-"           shift, and go to state 186
  $default      reduce using rule 32 (__minus)

  __minus       go to state 185

state 153

  27) enum_symbol_declaration : __doc_comment bool_or_float_or_enum __input_output_internal "{" enum_elements _ "}" ";"

  "}"           shift, and go to state 187


state 154

  28) enum_elements : IDENTIFIER _ __enum_elements

  $default      reduce using rule 30 (__enum_elements)

  __enum_elements  go to state 188

state 155

  22) symbol_declaration : __doc_comment bool_or_float_or_enum __input_output_internal IDENTIFIER __range _ __measure @3 symbol_parameter_declarations ";"

  STRING        shift, and go to state 89
  $default      reduce using rule 51 (__measure)

  __measure     go to state 189

state 156

  20) behavior_declaration : __doc_comment BEHAVIOR IDENTIFIER "{" @2 _ __parameter_declarations "}"

  $default      reduce using rule 46 (__parameter_declarations)

  __parameter_declarations  go to state 190

state 157

  56) state_declaration : __initial __target STATE IDENTIFIER "{" @5 decision_tree ACTION _ "{" __output_symbol_assignments_or_subsequent_declarations "}" "}"

  "{"           shift, and go to state 191


state 158

 137) decision_tree : DECISION "{" _ dtree "}"
 138) decision_tree : DECISION "{" _ __doc_comment ELSE dtree "}"

  DOC_COMMENT   shift, and go to state 7
  TTS           shift, and go to state 168
  STAY          shift, and go to state 170
  "{"           shift, and go to state 169
  $default      reduce using rule 63 (__doc_comment)

  dtree         go to state 192
  transition    go to state 172
  __doc_comment  go to state 193

state 159

  61) output_symbol_assignment : IDENTIFIER @6 "=" exp ";" _

  $default      reduce using rule 61 (output_symbol_assignment)


state 160

  69) subsequent_declaration : IDENTIFIER __option_or_behavior "(" @7 __set_parameter_list _ ")" ";"

  ")"           shift, and go to state 194


state 161

  73) __set_parameter_list : set_parameter _ __set_parameter_list_end

  ","           shift, and go to state 196
  $default      reduce using rule 76 (__set_parameter_list_end)

  __set_parameter_list_end  go to state 195

state 162

  78) set_parameter : IDENTIFIER _ @8 "=" exp

  $default      reduce using rule 77 (@8)

  @8            go to state 197

state 163

 113) exp : "(" exp ")" _

  $default      reduce using rule 113 (exp)


state 164

 124) function : IDENTIFIER @23 "(" _ __with_parameter_list ")"

  IDENTIFIER    shift, and go to state 198
  $default      reduce using rule 80 (__with_parameter_list)

  __with_parameter_list  go to state 199
  with_parameter  go to state 200

state 165

 103) exp : exp LE @18 _ exp

  "!"           shift, and go to state 115
  "-"           shift, and go to state 120
  NUMBER        shift, and go to state 123
  TRUE          shift, and go to state 124
  FALSE         shift, and go to state 113
  IDENTIFIER    shift, and go to state 116
  TOOX          shift, and go to state 117
  TOSX          shift, and go to state 118
  SORTS         shift, and go to state 119
  "("           shift, and go to state 114

  exp           go to state 201
  function      go to state 122

state 166

 107) exp : exp GE @20 _ exp

  "!"           shift, and go to state 115
  "-"           shift, and go to state 120
  NUMBER        shift, and go to state 123
  TRUE          shift, and go to state 124
  FALSE         shift, and go to state 113
  IDENTIFIER    shift, and go to state 116
  TOOX          shift, and go to state 117
  TOSX          shift, and go to state 118
  SORTS         shift, and go to state 119
  "("           shift, and go to state 114

  exp           go to state 202
  function      go to state 122

state 167

  99) exp : exp EQ @16 _ exp

  "!"           shift, and go to state 115
  "-"           shift, and go to state 120
  NUMBER        shift, and go to state 123
  TRUE          shift, and go to state 124
  FALSE         shift, and go to state 113
  IDENTIFIER    shift, and go to state 116
  TOOX          shift, and go to state 117
  TOSX          shift, and go to state 118
  SORTS         shift, and go to state 119
  "("           shift, and go to state 114

  exp           go to state 203
  function      go to state 122

state 168

 143) transition : TTS _ IDENTIFIER ";"

  IDENTIFIER    shift, and go to state 204


state 169

 140) dtree : "{" _ dtree "}"

  DOC_COMMENT   shift, and go to state 7
  TTS           shift, and go to state 168
  STAY          shift, and go to state 170
  "{"           shift, and go to state 169
  $default      reduce using rule 63 (__doc_comment)

  dtree         go to state 205
  transition    go to state 172
  __doc_comment  go to state 173

state 170

 144) transition : STAY _ ";"

  ";"           shift, and go to state 206


state 171

 134) cdtree : __doc_comment IF "(" exp ")" dtree _ __cdtree_elseif_decisions

  DOC_COMMENT   shift, and go to state 7
  "}"           reduce using rule 136 (__cdtree_elseif_decisions)
  $default      reduce using rule 63 (__doc_comment)

  __cdtree_elseif_decisions  go to state 207
  __doc_comment  go to state 208

state 172

 141) dtree : transition _

  $default      reduce using rule 141 (dtree)


state 173

 142) dtree : __doc_comment _ IF "(" exp ")" dtree __doc_comment ELSE dtree

  IF            shift, and go to state 209


state 174

  97) exp : exp NEQ @15 _ exp

  "!"           shift, and go to state 115
  "-"           shift, and go to state 120
  NUMBER        shift, and go to state 123
  TRUE          shift, and go to state 124
  FALSE         shift, and go to state 113
  IDENTIFIER    shift, and go to state 116
  TOOX          shift, and go to state 117
  TOSX          shift, and go to state 118
  SORTS         shift, and go to state 119
  "("           shift, and go to state 114

  exp           go to state 210
  function      go to state 122

state 175

 109) exp : exp AND @21 _ exp

  "!"           shift, and go to state 115
  "-"           shift, and go to state 120
  NUMBER        shift, and go to state 123
  TRUE          shift, and go to state 124
  FALSE         shift, and go to state 113
  IDENTIFIER    shift, and go to state 116
  TOOX          shift, and go to state 117
  TOSX          shift, and go to state 118
  SORTS         shift, and go to state 119
  "("           shift, and go to state 114

  exp           go to state 211
  function      go to state 122

state 176

  91) exp : exp "*" @12 _ exp

  "!"           shift, and go to state 115
  "-"           shift, and go to state 120
  NUMBER        shift, and go to state 123
  TRUE          shift, and go to state 124
  FALSE         shift, and go to state 113
  IDENTIFIER    shift, and go to state 116
  TOOX          shift, and go to state 117
  TOSX          shift, and go to state 118
  SORTS         shift, and go to state 119
  "("           shift, and go to state 114

  exp           go to state 212
  function      go to state 122

state 177

 111) exp : exp OR @22 _ exp

  "!"           shift, and go to state 115
  "-"           shift, and go to state 120
  NUMBER        shift, and go to state 123
  TRUE          shift, and go to state 124
  FALSE         shift, and go to state 113
  IDENTIFIER    shift, and go to state 116
  TOOX          shift, and go to state 117
  TOSX          shift, and go to state 118
  SORTS         shift, and go to state 119
  "("           shift, and go to state 114

  exp           go to state 213
  function      go to state 122

state 178

  93) exp : exp "/" @13 _ exp

  "!"           shift, and go to state 115
  "-"           shift, and go to state 120
  NUMBER        shift, and go to state 123
  TRUE          shift, and go to state 124
  FALSE         shift, and go to state 113
  IDENTIFIER    shift, and go to state 116
  TOOX          shift, and go to state 117
  TOSX          shift, and go to state 118
  SORTS         shift, and go to state 119
  "("           shift, and go to state 114

  exp           go to state 214
  function      go to state 122

state 179

  87) exp : exp _ "+" @10 exp
  89) exp : exp _ "-" @11 exp
  91) exp : exp _ "*" @12 exp
  93) exp : exp _ "/" @13 exp
  95) exp : exp _ "%" @14 exp
  97) exp : exp _ NEQ @15 exp
  99) exp : exp _ EQ @16 exp
 101) exp : exp _ "<" @17 exp
 103) exp : exp _ LE @18 exp
 105) exp : exp _ ">" @19 exp
 107) exp : exp _ GE @20 exp
 109) exp : exp _ AND @21 exp
 111) exp : exp _ OR @22 exp
 112) exp : exp _ "?" exp ":" exp
 112) exp : exp "?" exp _ ":" exp

  "*"           shift, and go to state 143
  "/"           shift, and go to state 145
  "%"           shift, and go to state 147
  "+"           shift, and go to state 148
  "-"           shift, and go to state 149
  "<"           shift, and go to state 150
  ">"           shift, and go to state 151
  LE            shift, and go to state 137
  GE            shift, and go to state 138
  EQ            shift, and go to state 139
  NEQ           shift, and go to state 141
  AND           shift, and go to state 142
  OR            shift, and go to state 144
  "?"           shift, and go to state 146
  ":"           shift, and go to state 215


state 180

  95) exp : exp "%" @14 _ exp

  "!"           shift, and go to state 115
  "-"           shift, and go to state 120
  NUMBER        shift, and go to state 123
  TRUE          shift, and go to state 124
  FALSE         shift, and go to state 113
  IDENTIFIER    shift, and go to state 116
  TOOX          shift, and go to state 117
  TOSX          shift, and go to state 118
  SORTS         shift, and go to state 119
  "("           shift, and go to state 114

  exp           go to state 216
  function      go to state 122

state 181

  87) exp : exp "+" @10 _ exp

  "!"           shift, and go to state 115
  "-"           shift, and go to state 120
  NUMBER        shift, and go to state 123
  TRUE          shift, and go to state 124
  FALSE         shift, and go to state 113
  IDENTIFIER    shift, and go to state 116
  TOOX          shift, and go to state 117
  TOSX          shift, and go to state 118
  SORTS         shift, and go to state 119
  "("           shift, and go to state 114

  exp           go to state 217
  function      go to state 122

state 182

  89) exp : exp "-" @11 _ exp

  "!"           shift, and go to state 115
  "-"           shift, and go to state 120
  NUMBER        shift, and go to state 123
  TRUE          shift, and go to state 124
  FALSE         shift, and go to state 113
  IDENTIFIER    shift, and go to state 116
  TOOX          shift, and go to state 117
  TOSX          shift, and go to state 118
  SORTS         shift, and go to state 119
  "("           shift, and go to state 114

  exp           go to state 218
  function      go to state 122

state 183

 101) exp : exp "<" @17 _ exp

  "!"           shift, and go to state 115
  "-"           shift, and go to state 120
  NUMBER        shift, and go to state 123
  TRUE          shift, and go to state 124
  FALSE         shift, and go to state 113
  IDENTIFIER    shift, and go to state 116
  TOOX          shift, and go to state 117
  TOSX          shift, and go to state 118
  SORTS         shift, and go to state 119
  "("           shift, and go to state 114

  exp           go to state 219
  function      go to state 122

state 184

 105) exp : exp ">" @19 _ exp

  "!"           shift, and go to state 115
  "-"           shift, and go to state 120
  NUMBER        shift, and go to state 123
  TRUE          shift, and go to state 124
  FALSE         shift, and go to state 113
  IDENTIFIER    shift, and go to state 116
  TOOX          shift, and go to state 117
  TOSX          shift, and go to state 118
  SORTS         shift, and go to state 119
  "("           shift, and go to state 114

  exp           go to state 220
  function      go to state 122

state 185

  37) const : __doc_comment __float CONST IDENTIFIER "=" __minus _ NUMBER __measure ";"

  NUMBER        shift, and go to state 221


state 186

  31) __minus : "-" _

  $default      reduce using rule 31 (__minus)


state 187

  27) enum_symbol_declaration : __doc_comment bool_or_float_or_enum __input_output_internal "{" enum_elements "}" _ ";"

  ";"           shift, and go to state 222


state 188

  28) enum_elements : IDENTIFIER __enum_elements _
  29) __enum_elements : __enum_elements _ "," IDENTIFIER

  ","           shift, and go to state 223
  $default      reduce using rule 28 (enum_elements)


state 189

  22) symbol_declaration : __doc_comment bool_or_float_or_enum __input_output_internal IDENTIFIER __range __measure _ @3 symbol_parameter_declarations ";"

  $default      reduce using rule 21 (@3)

  @3            go to state 224

state 190

  20) behavior_declaration : __doc_comment BEHAVIOR IDENTIFIER "{" @2 __parameter_declarations _ "}"
  45) __parameter_declarations : __parameter_declarations _ parameter_declaration

  DOC_COMMENT   shift, and go to state 7
  "}"           shift, and go to state 225
  $default      reduce using rule 63 (__doc_comment)

  parameter_declaration  go to state 39
  __doc_comment  go to state 38

state 191

  56) state_declaration : __initial __target STATE IDENTIFIER "{" @5 decision_tree ACTION "{" _ __output_symbol_assignments_or_subsequent_declarations "}" "}"

  $default      reduce using rule 59 (__output_symbol_assignments_or_subsequent_declarations)

  __output_symbol_assignments_or_subsequent_declarations  go to state 226

state 192

 137) decision_tree : DECISION "{" dtree _ "}"

  "}"           shift, and go to state 227


state 193

 138) decision_tree : DECISION "{" __doc_comment _ ELSE dtree "}"
 142) dtree : __doc_comment _ IF "(" exp ")" dtree __doc_comment ELSE dtree

  IF            shift, and go to state 209
  ELSE          shift, and go to state 228


state 194

  69) subsequent_declaration : IDENTIFIER __option_or_behavior "(" @7 __set_parameter_list ")" _ ";"

  ";"           shift, and go to state 229


state 195

  73) __set_parameter_list : set_parameter __set_parameter_list_end _

  $default      reduce using rule 73 (__set_parameter_list)


state 196

  75) __set_parameter_list_end : "," _ __set_parameter_list

  IDENTIFIER    shift, and go to state 162
  $default      reduce using rule 74 (__set_parameter_list)

  __set_parameter_list  go to state 230
  set_parameter  go to state 161

state 197

  78) set_parameter : IDENTIFIER @8 _ "=" exp

  "="           shift, and go to state 231


state 198

  84) with_parameter : IDENTIFIER _ @9 "=" exp

  $default      reduce using rule 83 (@9)

  @9            go to state 232

state 199

 124) function : IDENTIFIER @23 "(" __with_parameter_list _ ")"

  ")"           shift, and go to state 233


state 200

  79) __with_parameter_list : with_parameter _ __with_parameter_list_end

  ","           shift, and go to state 234
  $default      reduce using rule 82 (__with_parameter_list_end)

  __with_parameter_list_end  go to state 235

state 201

  87) exp : exp _ "+" @10 exp
  89) exp : exp _ "-" @11 exp
  91) exp : exp _ "*" @12 exp
  93) exp : exp _ "/" @13 exp
  95) exp : exp _ "%" @14 exp
  97) exp : exp _ NEQ @15 exp
  99) exp : exp _ EQ @16 exp
 101) exp : exp _ "<" @17 exp
 103) exp : exp _ LE @18 exp
 103) exp : exp LE @18 exp _
 105) exp : exp _ ">" @19 exp
 107) exp : exp _ GE @20 exp
 109) exp : exp _ AND @21 exp
 111) exp : exp _ OR @22 exp
 112) exp : exp _ "?" exp ":" exp

  "*"           shift, and go to state 143
  "/"           shift, and go to state 145
  "%"           shift, and go to state 147
  "+"           shift, and go to state 148
  "-"           shift, and go to state 149
  "<"           error
  ">"           error
  LE            error
  GE            error
  EQ            error
  NEQ           error
  $default      reduce using rule 103 (exp)


state 202

  87) exp : exp _ "+" @10 exp
  89) exp : exp _ "-" @11 exp
  91) exp : exp _ "*" @12 exp
  93) exp : exp _ "/" @13 exp
  95) exp : exp _ "%" @14 exp
  97) exp : exp _ NEQ @15 exp
  99) exp : exp _ EQ @16 exp
 101) exp : exp _ "<" @17 exp
 103) exp : exp _ LE @18 exp
 105) exp : exp _ ">" @19 exp
 107) exp : exp _ GE @20 exp
 107) exp : exp GE @20 exp _
 109) exp : exp _ AND @21 exp
 111) exp : exp _ OR @22 exp
 112) exp : exp _ "?" exp ":" exp

  "*"           shift, and go to state 143
  "/"           shift, and go to state 145
  "%"           shift, and go to state 147
  "+"           shift, and go to state 148
  "-"           shift, and go to state 149
  "<"           error
  ">"           error
  LE            error
  GE            error
  EQ            error
  NEQ           error
  $default      reduce using rule 107 (exp)


state 203

  87) exp : exp _ "+" @10 exp
  89) exp : exp _ "-" @11 exp
  91) exp : exp _ "*" @12 exp
  93) exp : exp _ "/" @13 exp
  95) exp : exp _ "%" @14 exp
  97) exp : exp _ NEQ @15 exp
  99) exp : exp _ EQ @16 exp
  99) exp : exp EQ @16 exp _
 101) exp : exp _ "<" @17 exp
 103) exp : exp _ LE @18 exp
 105) exp : exp _ ">" @19 exp
 107) exp : exp _ GE @20 exp
 109) exp : exp _ AND @21 exp
 111) exp : exp _ OR @22 exp
 112) exp : exp _ "?" exp ":" exp

  "*"           shift, and go to state 143
  "/"           shift, and go to state 145
  "%"           shift, and go to state 147
  "+"           shift, and go to state 148
  "-"           shift, and go to state 149
  "<"           error
  ">"           error
  LE            error
  GE            error
  EQ            error
  NEQ           error
  $default      reduce using rule 99 (exp)


state 204

 143) transition : TTS IDENTIFIER _ ";"

  ";"           shift, and go to state 236


state 205

 140) dtree : "{" dtree _ "}"

  "}"           shift, and go to state 237


state 206

 144) transition : STAY ";" _

  $default      reduce using rule 144 (transition)


state 207

 134) cdtree : __doc_comment IF "(" exp ")" dtree __cdtree_elseif_decisions _

  $default      reduce using rule 134 (cdtree)


state 208

 135) __cdtree_elseif_decisions : __doc_comment _ ELSE cdtree

  ELSE          shift, and go to state 238


state 209

 142) dtree : __doc_comment IF _ "(" exp ")" dtree __doc_comment ELSE dtree

  "("           shift, and go to state 239


state 210

  87) exp : exp _ "+" @10 exp
  89) exp : exp _ "-" @11 exp
  91) exp : exp _ "*" @12 exp
  93) exp : exp _ "/" @13 exp
  95) exp : exp _ "%" @14 exp
  97) exp : exp _ NEQ @15 exp
  97) exp : exp NEQ @15 exp _
  99) exp : exp _ EQ @16 exp
 101) exp : exp _ "<" @17 exp
 103) exp : exp _ LE @18 exp
 105) exp : exp _ ">" @19 exp
 107) exp : exp _ GE @20 exp
 109) exp : exp _ AND @21 exp
 111) exp : exp _ OR @22 exp
 112) exp : exp _ "?" exp ":" exp

  "*"           shift, and go to state 143
  "/"           shift, and go to state 145
  "%"           shift, and go to state 147
  "+"           shift, and go to state 148
  "-"           shift, and go to state 149
  "<"           error
  ">"           error
  LE            error
  GE            error
  EQ            error
  NEQ           error
  $default      reduce using rule 97 (exp)


state 211

  87) exp : exp _ "+" @10 exp
  89) exp : exp _ "-" @11 exp
  91) exp : exp _ "*" @12 exp
  93) exp : exp _ "/" @13 exp
  95) exp : exp _ "%" @14 exp
  97) exp : exp _ NEQ @15 exp
  99) exp : exp _ EQ @16 exp
 101) exp : exp _ "<" @17 exp
 103) exp : exp _ LE @18 exp
 105) exp : exp _ ">" @19 exp
 107) exp : exp _ GE @20 exp
 109) exp : exp _ AND @21 exp
 109) exp : exp AND @21 exp _
 111) exp : exp _ OR @22 exp
 112) exp : exp _ "?" exp ":" exp

  "*"           shift, and go to state 143
  "/"           shift, and go to state 145
  "%"           shift, and go to state 147
  "+"           shift, and go to state 148
  "-"           shift, and go to state 149
  "<"           shift, and go to state 150
  ">"           shift, and go to state 151
  LE            shift, and go to state 137
  GE            shift, and go to state 138
  EQ            shift, and go to state 139
  NEQ           shift, and go to state 141
  $default      reduce using rule 109 (exp)


state 212

  87) exp : exp _ "+" @10 exp
  89) exp : exp _ "-" @11 exp
  91) exp : exp _ "*" @12 exp
  91) exp : exp "*" @12 exp _
  93) exp : exp _ "/" @13 exp
  95) exp : exp _ "%" @14 exp
  97) exp : exp _ NEQ @15 exp
  99) exp : exp _ EQ @16 exp
 101) exp : exp _ "<" @17 exp
 103) exp : exp _ LE @18 exp
 105) exp : exp _ ">" @19 exp
 107) exp : exp _ GE @20 exp
 109) exp : exp _ AND @21 exp
 111) exp : exp _ OR @22 exp
 112) exp : exp _ "?" exp ":" exp

  $default      reduce using rule 91 (exp)


state 213

  87) exp : exp _ "+" @10 exp
  89) exp : exp _ "-" @11 exp
  91) exp : exp _ "*" @12 exp
  93) exp : exp _ "/" @13 exp
  95) exp : exp _ "%" @14 exp
  97) exp : exp _ NEQ @15 exp
  99) exp : exp _ EQ @16 exp
 101) exp : exp _ "<" @17 exp
 103) exp : exp _ LE @18 exp
 105) exp : exp _ ">" @19 exp
 107) exp : exp _ GE @20 exp
 109) exp : exp _ AND @21 exp
 111) exp : exp _ OR @22 exp
 111) exp : exp OR @22 exp _
 112) exp : exp _ "?" exp ":" exp

  "*"           shift, and go to state 143
  "/"           shift, and go to state 145
  "%"           shift, and go to state 147
  "+"           shift, and go to state 148
  "-"           shift, and go to state 149
  "<"           shift, and go to state 150
  ">"           shift, and go to state 151
  LE            shift, and go to state 137
  GE            shift, and go to state 138
  EQ            shift, and go to state 139
  NEQ           shift, and go to state 141
  AND           shift, and go to state 142
  $default      reduce using rule 111 (exp)


state 214

  87) exp : exp _ "+" @10 exp
  89) exp : exp _ "-" @11 exp
  91) exp : exp _ "*" @12 exp
  93) exp : exp _ "/" @13 exp
  93) exp : exp "/" @13 exp _
  95) exp : exp _ "%" @14 exp
  97) exp : exp _ NEQ @15 exp
  99) exp : exp _ EQ @16 exp
 101) exp : exp _ "<" @17 exp
 103) exp : exp _ LE @18 exp
 105) exp : exp _ ">" @19 exp
 107) exp : exp _ GE @20 exp
 109) exp : exp _ AND @21 exp
 111) exp : exp _ OR @22 exp
 112) exp : exp _ "?" exp ":" exp

  $default      reduce using rule 93 (exp)


state 215

 112) exp : exp "?" exp ":" _ exp

  "!"           shift, and go to state 115
  "-"           shift, and go to state 120
  NUMBER        shift, and go to state 123
  TRUE          shift, and go to state 124
  FALSE         shift, and go to state 113
  IDENTIFIER    shift, and go to state 116
  TOOX          shift, and go to state 117
  TOSX          shift, and go to state 118
  SORTS         shift, and go to state 119
  "("           shift, and go to state 114

  exp           go to state 240
  function      go to state 122

state 216

  87) exp : exp _ "+" @10 exp
  89) exp : exp _ "-" @11 exp
  91) exp : exp _ "*" @12 exp
  93) exp : exp _ "/" @13 exp
  95) exp : exp _ "%" @14 exp
  95) exp : exp "%" @14 exp _
  97) exp : exp _ NEQ @15 exp
  99) exp : exp _ EQ @16 exp
 101) exp : exp _ "<" @17 exp
 103) exp : exp _ LE @18 exp
 105) exp : exp _ ">" @19 exp
 107) exp : exp _ GE @20 exp
 109) exp : exp _ AND @21 exp
 111) exp : exp _ OR @22 exp
 112) exp : exp _ "?" exp ":" exp

  $default      reduce using rule 95 (exp)


state 217

  87) exp : exp _ "+" @10 exp
  87) exp : exp "+" @10 exp _
  89) exp : exp _ "-" @11 exp
  91) exp : exp _ "*" @12 exp
  93) exp : exp _ "/" @13 exp
  95) exp : exp _ "%" @14 exp
  97) exp : exp _ NEQ @15 exp
  99) exp : exp _ EQ @16 exp
 101) exp : exp _ "<" @17 exp
 103) exp : exp _ LE @18 exp
 105) exp : exp _ ">" @19 exp
 107) exp : exp _ GE @20 exp
 109) exp : exp _ AND @21 exp
 111) exp : exp _ OR @22 exp
 112) exp : exp _ "?" exp ":" exp

  "*"           shift, and go to state 143
  "/"           shift, and go to state 145
  "%"           shift, and go to state 147
  $default      reduce using rule 87 (exp)


state 218

  87) exp : exp _ "+" @10 exp
  89) exp : exp _ "-" @11 exp
  89) exp : exp "-" @11 exp _
  91) exp : exp _ "*" @12 exp
  93) exp : exp _ "/" @13 exp
  95) exp : exp _ "%" @14 exp
  97) exp : exp _ NEQ @15 exp
  99) exp : exp _ EQ @16 exp
 101) exp : exp _ "<" @17 exp
 103) exp : exp _ LE @18 exp
 105) exp : exp _ ">" @19 exp
 107) exp : exp _ GE @20 exp
 109) exp : exp _ AND @21 exp
 111) exp : exp _ OR @22 exp
 112) exp : exp _ "?" exp ":" exp

  "*"           shift, and go to state 143
  "/"           shift, and go to state 145
  "%"           shift, and go to state 147
  $default      reduce using rule 89 (exp)


state 219

  87) exp : exp _ "+" @10 exp
  89) exp : exp _ "-" @11 exp
  91) exp : exp _ "*" @12 exp
  93) exp : exp _ "/" @13 exp
  95) exp : exp _ "%" @14 exp
  97) exp : exp _ NEQ @15 exp
  99) exp : exp _ EQ @16 exp
 101) exp : exp _ "<" @17 exp
 101) exp : exp "<" @17 exp _
 103) exp : exp _ LE @18 exp
 105) exp : exp _ ">" @19 exp
 107) exp : exp _ GE @20 exp
 109) exp : exp _ AND @21 exp
 111) exp : exp _ OR @22 exp
 112) exp : exp _ "?" exp ":" exp

  "*"           shift, and go to state 143
  "/"           shift, and go to state 145
  "%"           shift, and go to state 147
  "+"           shift, and go to state 148
  "-"           shift, and go to state 149
  "<"           error
  ">"           error
  LE            error
  GE            error
  EQ            error
  NEQ           error
  $default      reduce using rule 101 (exp)


state 220

  87) exp : exp _ "+" @10 exp
  89) exp : exp _ "-" @11 exp
  91) exp : exp _ "*" @12 exp
  93) exp : exp _ "/" @13 exp
  95) exp : exp _ "%" @14 exp
  97) exp : exp _ NEQ @15 exp
  99) exp : exp _ EQ @16 exp
 101) exp : exp _ "<" @17 exp
 103) exp : exp _ LE @18 exp
 105) exp : exp _ ">" @19 exp
 105) exp : exp ">" @19 exp _
 107) exp : exp _ GE @20 exp
 109) exp : exp _ AND @21 exp
 111) exp : exp _ OR @22 exp
 112) exp : exp _ "?" exp ":" exp

  "*"           shift, and go to state 143
  "/"           shift, and go to state 145
  "%"           shift, and go to state 147
  "+"           shift, and go to state 148
  "-"           shift, and go to state 149
  "<"           error
  ">"           error
  LE            error
  GE            error
  EQ            error
  NEQ           error
  $default      reduce using rule 105 (exp)


state 221

  37) const : __doc_comment __float CONST IDENTIFIER "=" __minus NUMBER _ __measure ";"

  STRING        shift, and go to state 89
  $default      reduce using rule 51 (__measure)

  __measure     go to state 241

state 222

  27) enum_symbol_declaration : __doc_comment bool_or_float_or_enum __input_output_internal "{" enum_elements "}" ";" _

  $default      reduce using rule 27 (enum_symbol_declaration)


state 223

  29) __enum_elements : __enum_elements "," _ IDENTIFIER

  IDENTIFIER    shift, and go to state 242


state 224

  22) symbol_declaration : __doc_comment bool_or_float_or_enum __input_output_internal IDENTIFIER __range __measure @3 _ symbol_parameter_declarations ";"

  "("           shift, and go to state 244
  $default      reduce using rule 44 (symbol_parameter_declarations)

  symbol_parameter_declarations  go to state 243

state 225

  20) behavior_declaration : __doc_comment BEHAVIOR IDENTIFIER "{" @2 __parameter_declarations "}" _

  $default      reduce using rule 20 (behavior_declaration)


state 226

  56) state_declaration : __initial __target STATE IDENTIFIER "{" @5 decision_tree ACTION "{" __output_symbol_assignments_or_subsequent_declarations _ "}" "}"
  57) __output_symbol_assignments_or_subsequent_declarations : __output_symbol_assignments_or_subsequent_declarations _ output_symbol_assignment
  58) __output_symbol_assignments_or_subsequent_declarations : __output_symbol_assignments_or_subsequent_declarations _ subsequent_declaration

  IDENTIFIER    shift, and go to state 82
  "}"           shift, and go to state 245

  output_symbol_assignment  go to state 83
  subsequent_declaration  go to state 84

state 227

 137) decision_tree : DECISION "{" dtree "}" _

  $default      reduce using rule 137 (decision_tree)


state 228

 138) decision_tree : DECISION "{" __doc_comment ELSE _ dtree "}"

  DOC_COMMENT   shift, and go to state 7
  TTS           shift, and go to state 168
  STAY          shift, and go to state 170
  "{"           shift, and go to state 169
  $default      reduce using rule 63 (__doc_comment)

  dtree         go to state 246
  transition    go to state 172
  __doc_comment  go to state 173

state 229

  69) subsequent_declaration : IDENTIFIER __option_or_behavior "(" @7 __set_parameter_list ")" ";" _

  $default      reduce using rule 69 (subsequent_declaration)


state 230

  75) __set_parameter_list_end : "," __set_parameter_list _

  $default      reduce using rule 75 (__set_parameter_list_end)


state 231

  78) set_parameter : IDENTIFIER @8 "=" _ exp

  "!"           shift, and go to state 115
  "-"           shift, and go to state 120
  NUMBER        shift, and go to state 123
  TRUE          shift, and go to state 124
  FALSE         shift, and go to state 113
  IDENTIFIER    shift, and go to state 116
  TOOX          shift, and go to state 117
  TOSX          shift, and go to state 118
  SORTS         shift, and go to state 119
  "("           shift, and go to state 114

  exp           go to state 247
  function      go to state 122

state 232

  84) with_parameter : IDENTIFIER @9 _ "=" exp

  "="           shift, and go to state 248


state 233

 124) function : IDENTIFIER @23 "(" __with_parameter_list ")" _

  $default      reduce using rule 124 (function)


state 234

  81) __with_parameter_list_end : "," _ __with_parameter_list

  IDENTIFIER    shift, and go to state 198
  $default      reduce using rule 80 (__with_parameter_list)

  __with_parameter_list  go to state 249
  with_parameter  go to state 200

state 235

  79) __with_parameter_list : with_parameter __with_parameter_list_end _

  $default      reduce using rule 79 (__with_parameter_list)


state 236

 143) transition : TTS IDENTIFIER ";" _

  $default      reduce using rule 143 (transition)


state 237

 140) dtree : "{" dtree "}" _

  $default      reduce using rule 140 (dtree)


state 238

 135) __cdtree_elseif_decisions : __doc_comment ELSE _ cdtree

  DOC_COMMENT   shift, and go to state 7
  "{"           shift, and go to state 68
  $default      reduce using rule 63 (__doc_comment)

  cdtree        go to state 250
  __doc_comment  go to state 70

state 239

 142) dtree : __doc_comment IF "(" _ exp ")" dtree __doc_comment ELSE dtree

  "!"           shift, and go to state 115
  "-"           shift, and go to state 120
  NUMBER        shift, and go to state 123
  TRUE          shift, and go to state 124
  FALSE         shift, and go to state 113
  IDENTIFIER    shift, and go to state 116
  TOOX          shift, and go to state 117
  TOSX          shift, and go to state 118
  SORTS         shift, and go to state 119
  "("           shift, and go to state 114

  exp           go to state 251
  function      go to state 122

state 240

  87) exp : exp _ "+" @10 exp
  89) exp : exp _ "-" @11 exp
  91) exp : exp _ "*" @12 exp
  93) exp : exp _ "/" @13 exp
  95) exp : exp _ "%" @14 exp
  97) exp : exp _ NEQ @15 exp
  99) exp : exp _ EQ @16 exp
 101) exp : exp _ "<" @17 exp
 103) exp : exp _ LE @18 exp
 105) exp : exp _ ">" @19 exp
 107) exp : exp _ GE @20 exp
 109) exp : exp _ AND @21 exp
 111) exp : exp _ OR @22 exp
 112) exp : exp _ "?" exp ":" exp
 112) exp : exp "?" exp ":" exp _

  "*"           shift, and go to state 143
  "/"           shift, and go to state 145
  "%"           shift, and go to state 147
  "+"           shift, and go to state 148
  "-"           shift, and go to state 149
  "<"           shift, and go to state 150
  ">"           shift, and go to state 151
  LE            shift, and go to state 137
  GE            shift, and go to state 138
  EQ            shift, and go to state 139
  NEQ           shift, and go to state 141
  AND           shift, and go to state 142
  OR            shift, and go to state 144
  "?"           error
  $default      reduce using rule 112 (exp)


state 241

  37) const : __doc_comment __float CONST IDENTIFIER "=" __minus NUMBER __measure _ ";"

  ";"           shift, and go to state 252


state 242

  29) __enum_elements : __enum_elements "," IDENTIFIER _

  $default      reduce using rule 29 (__enum_elements)


state 243

  22) symbol_declaration : __doc_comment bool_or_float_or_enum __input_output_internal IDENTIFIER __range __measure @3 symbol_parameter_declarations _ ";"

  ";"           shift, and go to state 253


state 244

  43) symbol_parameter_declarations : "(" _ __parameter_declarations ")"

  $default      reduce using rule 46 (__parameter_declarations)

  __parameter_declarations  go to state 254

state 245

  56) state_declaration : __initial __target STATE IDENTIFIER "{" @5 decision_tree ACTION "{" __output_symbol_assignments_or_subsequent_declarations "}" _ "}"

  "}"           shift, and go to state 255


state 246

 138) decision_tree : DECISION "{" __doc_comment ELSE dtree _ "}"

  "}"           shift, and go to state 256


state 247

  78) set_parameter : IDENTIFIER @8 "=" exp _
  87) exp : exp _ "+" @10 exp
  89) exp : exp _ "-" @11 exp
  91) exp : exp _ "*" @12 exp
  93) exp : exp _ "/" @13 exp
  95) exp : exp _ "%" @14 exp
  97) exp : exp _ NEQ @15 exp
  99) exp : exp _ EQ @16 exp
 101) exp : exp _ "<" @17 exp
 103) exp : exp _ LE @18 exp
 105) exp : exp _ ">" @19 exp
 107) exp : exp _ GE @20 exp
 109) exp : exp _ AND @21 exp
 111) exp : exp _ OR @22 exp
 112) exp : exp _ "?" exp ":" exp

  "*"           shift, and go to state 143
  "/"           shift, and go to state 145
  "%"           shift, and go to state 147
  "+"           shift, and go to state 148
  "-"           shift, and go to state 149
  "<"           shift, and go to state 150
  ">"           shift, and go to state 151
  LE            shift, and go to state 137
  GE            shift, and go to state 138
  EQ            shift, and go to state 139
  NEQ           shift, and go to state 141
  AND           shift, and go to state 142
  OR            shift, and go to state 144
  "?"           shift, and go to state 146
  $default      reduce using rule 78 (set_parameter)


state 248

  84) with_parameter : IDENTIFIER @9 "=" _ exp

  "!"           shift, and go to state 115
  "-"           shift, and go to state 120
  NUMBER        shift, and go to state 123
  TRUE          shift, and go to state 124
  FALSE         shift, and go to state 113
  IDENTIFIER    shift, and go to state 116
  TOOX          shift, and go to state 117
  TOSX          shift, and go to state 118
  SORTS         shift, and go to state 119
  "("           shift, and go to state 114

  exp           go to state 257
  function      go to state 122

state 249

  81) __with_parameter_list_end : "," __with_parameter_list _

  $default      reduce using rule 81 (__with_parameter_list_end)


state 250

 135) __cdtree_elseif_decisions : __doc_comment ELSE cdtree _

  $default      reduce using rule 135 (__cdtree_elseif_decisions)


state 251

  87) exp : exp _ "+" @10 exp
  89) exp : exp _ "-" @11 exp
  91) exp : exp _ "*" @12 exp
  93) exp : exp _ "/" @13 exp
  95) exp : exp _ "%" @14 exp
  97) exp : exp _ NEQ @15 exp
  99) exp : exp _ EQ @16 exp
 101) exp : exp _ "<" @17 exp
 103) exp : exp _ LE @18 exp
 105) exp : exp _ ">" @19 exp
 107) exp : exp _ GE @20 exp
 109) exp : exp _ AND @21 exp
 111) exp : exp _ OR @22 exp
 112) exp : exp _ "?" exp ":" exp
 142) dtree : __doc_comment IF "(" exp _ ")" dtree __doc_comment ELSE dtree

  "*"           shift, and go to state 143
  "/"           shift, and go to state 145
  "%"           shift, and go to state 147
  "+"           shift, and go to state 148
  "-"           shift, and go to state 149
  "<"           shift, and go to state 150
  ">"           shift, and go to state 151
  LE            shift, and go to state 137
  GE            shift, and go to state 138
  EQ            shift, and go to state 139
  NEQ           shift, and go to state 141
  AND           shift, and go to state 142
  OR            shift, and go to state 144
  "?"           shift, and go to state 146
  ")"           shift, and go to state 258


state 252

  37) const : __doc_comment __float CONST IDENTIFIER "=" __minus NUMBER __measure ";" _

  $default      reduce using rule 37 (const)


state 253

  22) symbol_declaration : __doc_comment bool_or_float_or_enum __input_output_internal IDENTIFIER __range __measure @3 symbol_parameter_declarations ";" _

  $default      reduce using rule 22 (symbol_declaration)


state 254

  43) symbol_parameter_declarations : "(" __parameter_declarations _ ")"
  45) __parameter_declarations : __parameter_declarations _ parameter_declaration

  DOC_COMMENT   shift, and go to state 7
  ")"           shift, and go to state 259
  $default      reduce using rule 63 (__doc_comment)

  parameter_declaration  go to state 39
  __doc_comment  go to state 38

state 255

  56) state_declaration : __initial __target STATE IDENTIFIER "{" @5 decision_tree ACTION "{" __output_symbol_assignments_or_subsequent_declarations "}" "}" _

  $default      reduce using rule 56 (state_declaration)


state 256

 138) decision_tree : DECISION "{" __doc_comment ELSE dtree "}" _

  $default      reduce using rule 138 (decision_tree)


state 257

  84) with_parameter : IDENTIFIER @9 "=" exp _
  87) exp : exp _ "+" @10 exp
  89) exp : exp _ "-" @11 exp
  91) exp : exp _ "*" @12 exp
  93) exp : exp _ "/" @13 exp
  95) exp : exp _ "%" @14 exp
  97) exp : exp _ NEQ @15 exp
  99) exp : exp _ EQ @16 exp
 101) exp : exp _ "<" @17 exp
 103) exp : exp _ LE @18 exp
 105) exp : exp _ ">" @19 exp
 107) exp : exp _ GE @20 exp
 109) exp : exp _ AND @21 exp
 111) exp : exp _ OR @22 exp
 112) exp : exp _ "?" exp ":" exp

  "*"           shift, and go to state 143
  "/"           shift, and go to state 145
  "%"           shift, and go to state 147
  "+"           shift, and go to state 148
  "-"           shift, and go to state 149
  "<"           shift, and go to state 150
  ">"           shift, and go to state 151
  LE            shift, and go to state 137
  GE            shift, and go to state 138
  EQ            shift, and go to state 139
  NEQ           shift, and go to state 141
  AND           shift, and go to state 142
  OR            shift, and go to state 144
  "?"           shift, and go to state 146
  $default      reduce using rule 84 (with_parameter)


state 258

 142) dtree : __doc_comment IF "(" exp ")" _ dtree __doc_comment ELSE dtree

  DOC_COMMENT   shift, and go to state 7
  TTS           shift, and go to state 168
  STAY          shift, and go to state 170
  "{"           shift, and go to state 169
  $default      reduce using rule 63 (__doc_comment)

  dtree         go to state 260
  transition    go to state 172
  __doc_comment  go to state 173

state 259

  43) symbol_parameter_declarations : "(" __parameter_declarations ")" _

  $default      reduce using rule 43 (symbol_parameter_declarations)


state 260

 142) dtree : __doc_comment IF "(" exp ")" dtree _ __doc_comment ELSE dtree

  DOC_COMMENT   shift, and go to state 7
  $default      reduce using rule 63 (__doc_comment)

  __doc_comment  go to state 261

state 261

 142) dtree : __doc_comment IF "(" exp ")" dtree __doc_comment _ ELSE dtree

  ELSE          shift, and go to state 262


state 262

 142) dtree : __doc_comment IF "(" exp ")" dtree __doc_comment ELSE _ dtree

  DOC_COMMENT   shift, and go to state 7
  TTS           shift, and go to state 168
  STAY          shift, and go to state 170
  "{"           shift, and go to state 169
  $default      reduce using rule 63 (__doc_comment)

  dtree         go to state 263
  transition    go to state 172
  __doc_comment  go to state 173

state 263

 142) dtree : __doc_comment IF "(" exp ")" dtree __doc_comment ELSE dtree _

  $default      reduce using rule 142 (dtree)

